<?xml version="1.0" encoding="UTF-8"?>
<testsuite name="OrderingStrategyTest" tests="3" skipped="0" failures="0" errors="0" timestamp="2021-12-08T22:59:21" hostname="LAPTOP-CKQCTNKQ" time="0.031">
  <properties/>
  <testcase name="impatientStrategy()" classname="OrderingStrategyTest" time="0.028"/>
  <testcase name="smartStrategyStartClosed()" classname="OrderingStrategyTest" time="0.002"/>
  <testcase name="smartStrategyStartOpened()" classname="OrderingStrategyTest" time="0.001"/>
  <system-out><![CDATA[]]></system-out>
  <system-err><![CDATA[]]></system-err>
</testsuite>
