<?xml version="1.0" encoding="UTF-8"?>
<testsuite name="BarTest" tests="2" skipped="0" failures="0" errors="0" timestamp="2021-12-08T19:35:54" hostname="LAPTOP-CKQCTNKQ" time="0.4">
  <properties/>
  <testcase name="removeObserver()" classname="BarTest" time="0.393"/>
  <testcase name="addObserver()" classname="BarTest" time="0.007"/>
  <system-out><![CDATA[]]></system-out>
  <system-err><![CDATA[]]></system-err>
</testsuite>
