<?xml version="1.0" encoding="UTF-8"?>
<testsuite name="StringRecipeTest" tests="1" skipped="0" failures="0" errors="0" timestamp="2021-12-03T15:06:23" hostname="LAPTOP-CKQCTNKQ" time="0.058">
  <properties/>
  <testcase name="stringRecipe()" classname="StringRecipeTest" time="0.058"/>
  <system-out><![CDATA[]]></system-out>
  <system-err><![CDATA[]]></system-err>
</testsuite>
